<?xml version="1.0" encoding="UTF-8"?>
<!-- Generated by org.testng.reporters.JUnitReportReporter -->
<testsuite hostname="ojt23-PC" name="DriverFactory.DataDrivenFramework" tests="1" failures="0" timestamp="11 Dec 2019 05:34:49 GMT" time="0.000" errors="1">
  <testcase name="supplierCre" time="0.000" classname="DriverFactory.DataDrivenFramework">
    <error type="org.openqa.selenium.WebDriverException" message="unknown error: unable to discover open pages
Build info: version: &#039;3.14.0&#039;, revision: &#039;aacccce0&#039;, time: &#039;2018-08-02T20:13:22.693Z&#039;
System info: host: &#039;OJT23-PC&#039;, ip: &#039;10.0.0.123&#039;, os.name: &#039;Windows 7&#039;, os.arch: &#039;amd64&#039;, os.version: &#039;6.1&#039;, java.version: &#039;1.8.0_121&#039;
Driver info: driver.version: ChromeDriver
remote stacktrace: Backtrace:
	Ordinal0 [0x00F1A923+1550627]
	Ordinal0 [0x00E9A731+1025841]
	Ordinal0 [0x00E1C715+509717]
	Ordinal0 [0x00DAFBC4+64452]
	Ordinal0 [0x00DAC594+50580]
	Ordinal0 [0x00DCACE7+175335]
	Ordinal0 [0x00DCA8ED+174317]
	Ordinal0 [0x00DC8CDB+167131]
	Ordinal0 [0x00DB144A+70730]
	Ordinal0 [0x00DB24D0+74960]
	Ordinal0 [0x00DB2469+74857]
	Ordinal0 [0x00EB42F7+1131255]
	GetHandleVerifier [0x00FB711D+523789]
	GetHandleVerifier [0x00FB6EB0+523168]
	GetHandleVerifier [0x00FBE207+552695]
	GetHandleVerifier [0x00FB791A+525834]
	Ordinal0 [0x00EAB82C+1095724]
	Ordinal0 [0x00EB636B+1139563]
	Ordinal0 [0x00EB64D3+1139923]
	Ordinal0 [0x00EB5455+1135701]
	BaseThreadInitThunk [0x750133CA+18]
	RtlInitializeExceptionChain [0x77479ED2+99]
	RtlInitializeExceptionChain [0x77479EA5+54]
">
      <![CDATA[org.openqa.selenium.WebDriverException: unknown error: unable to discover open pages
Build info: version: '3.14.0', revision: 'aacccce0', time: '2018-08-02T20:13:22.693Z'
System info: host: 'OJT23-PC', ip: '10.0.0.123', os.name: 'Windows 7', os.arch: 'amd64', os.version: '6.1', java.version: '1.8.0_121'
Driver info: driver.version: ChromeDriver
remote stacktrace: Backtrace:
	Ordinal0 [0x00F1A923+1550627]
	Ordinal0 [0x00E9A731+1025841]
	Ordinal0 [0x00E1C715+509717]
	Ordinal0 [0x00DAFBC4+64452]
	Ordinal0 [0x00DAC594+50580]
	Ordinal0 [0x00DCACE7+175335]
	Ordinal0 [0x00DCA8ED+174317]
	Ordinal0 [0x00DC8CDB+167131]
	Ordinal0 [0x00DB144A+70730]
	Ordinal0 [0x00DB24D0+74960]
	Ordinal0 [0x00DB2469+74857]
	Ordinal0 [0x00EB42F7+1131255]
	GetHandleVerifier [0x00FB711D+523789]
	GetHandleVerifier [0x00FB6EB0+523168]
	GetHandleVerifier [0x00FBE207+552695]
	GetHandleVerifier [0x00FB791A+525834]
	Ordinal0 [0x00EAB82C+1095724]
	Ordinal0 [0x00EB636B+1139563]
	Ordinal0 [0x00EB64D3+1139923]
	Ordinal0 [0x00EB5455+1135701]
	BaseThreadInitThunk [0x750133CA+18]
	RtlInitializeExceptionChain [0x77479ED2+99]
	RtlInitializeExceptionChain [0x77479EA5+54]

	at sun.reflect.NativeConstructorAccessorImpl.newInstance0(Native Method)
	at sun.reflect.NativeConstructorAccessorImpl.newInstance(Unknown Source)
	at sun.reflect.DelegatingConstructorAccessorImpl.newInstance(Unknown Source)
	at java.lang.reflect.Constructor.newInstance(Unknown Source)
	at org.openqa.selenium.remote.W3CHandshakeResponse.lambda$new$0(W3CHandshakeResponse.java:57)
	at org.openqa.selenium.remote.W3CHandshakeResponse.lambda$getResponseFunction$2(W3CHandshakeResponse.java:104)
	at org.openqa.selenium.remote.ProtocolHandshake.lambda$createSession$0(ProtocolHandshake.java:122)
	at java.util.stream.ReferencePipeline$3$1.accept(Unknown Source)
	at java.util.Spliterators$ArraySpliterator.tryAdvance(Unknown Source)
	at java.util.stream.ReferencePipeline.forEachWithCancel(Unknown Source)
	at java.util.stream.AbstractPipeline.copyIntoWithCancel(Unknown Source)
	at java.util.stream.AbstractPipeline.copyInto(Unknown Source)
	at java.util.stream.AbstractPipeline.wrapAndCopyInto(Unknown Source)
	at java.util.stream.FindOps$FindOp.evaluateSequential(Unknown Source)
	at java.util.stream.AbstractPipeline.evaluate(Unknown Source)
	at java.util.stream.ReferencePipeline.findFirst(Unknown Source)
	at org.openqa.selenium.remote.ProtocolHandshake.createSession(ProtocolHandshake.java:125)
	at org.openqa.selenium.remote.ProtocolHandshake.createSession(ProtocolHandshake.java:73)
	at org.openqa.selenium.remote.HttpCommandExecutor.execute(HttpCommandExecutor.java:136)
	at org.openqa.selenium.remote.service.DriverCommandExecutor.execute(DriverCommandExecutor.java:83)
	at org.openqa.selenium.remote.RemoteWebDriver.execute(RemoteWebDriver.java:548)
	at org.openqa.selenium.remote.RemoteWebDriver.startSession(RemoteWebDriver.java:212)
	at org.openqa.selenium.remote.RemoteWebDriver.<init>(RemoteWebDriver.java:130)
	at org.openqa.selenium.chrome.ChromeDriver.<init>(ChromeDriver.java:181)
	at org.openqa.selenium.chrome.ChromeDriver.<init>(ChromeDriver.java:168)
	at org.openqa.selenium.chrome.ChromeDriver.<init>(ChromeDriver.java:123)
	at CommonFunLibrary.ERP_Functions.lauchApp(ERP_Functions.java:17)
	at DriverFactory.DataDrivenFramework.setUp(DataDrivenFramework.java:16)
	at sun.reflect.NativeMethodAccessorImpl.invoke0(Native Method)
	at sun.reflect.NativeMethodAccessorImpl.invoke(Unknown Source)
	at sun.reflect.DelegatingMethodAccessorImpl.invoke(Unknown Source)
	at java.lang.reflect.Method.invoke(Unknown Source)
	at org.testng.internal.MethodInvocationHelper.invokeMethod(MethodInvocationHelper.java:85)
	at org.testng.internal.Invoker.invokeConfigurationMethod(Invoker.java:510)
	at org.testng.internal.Invoker.invokeConfigurations(Invoker.java:211)
	at org.testng.internal.Invoker.invokeConfigurations(Invoker.java:138)
	at org.testng.TestRunner.beforeRun(TestRunner.java:648)
	at org.testng.TestRunner.run(TestRunner.java:616)
	at org.testng.SuiteRunner.runTest(SuiteRunner.java:359)
	at org.testng.SuiteRunner.runSequentially(SuiteRunner.java:354)
	at org.testng.SuiteRunner.privateRun(SuiteRunner.java:312)
	at org.testng.SuiteRunner.run(SuiteRunner.java:261)
	at org.testng.SuiteRunnerWorker.runSuite(SuiteRunnerWorker.java:52)
	at org.testng.SuiteRunnerWorker.run(SuiteRunnerWorker.java:86)
	at org.testng.TestNG.runSuitesSequentially(TestNG.java:1215)
	at org.testng.TestNG.runSuitesLocally(TestNG.java:1140)
	at org.testng.TestNG.run(TestNG.java:1048)
	at org.testng.remote.AbstractRemoteTestNG.run(AbstractRemoteTestNG.java:132)
	at org.testng.remote.RemoteTestNG.initAndRun(RemoteTestNG.java:236)
	at org.testng.remote.RemoteTestNG.main(RemoteTestNG.java:81)
]]>
    </error>
  </testcase> <!-- supplierCre -->
</testsuite> <!-- DriverFactory.DataDrivenFramework -->
